<?xml version="1.0" encoding="UTF-8"?>
<testng-results ignored="0" total="1" passed="1" failed="0" skipped="0">
  <reporter-output>
    <line>
      <![CDATA[Launching the Browser]]>
    </line>
    <line>
      <![CDATA[reading value of mobile from property file]]>
    </line>
    <line>
      <![CDATA[Entering mobileno]]>
    </line>
    <line>
      <![CDATA[waiting for 1000milis]]>
    </line>
    <line>
      <![CDATA[clicking on the SignIn Button]]>
    </line>
    <line>
      <![CDATA[reading value of password from property file]]>
    </line>
    <line>
      <![CDATA[waiting for 1000milis]]>
    </line>
    <line>
      <![CDATA[sending password]]>
    </line>
    <line>
      <![CDATA[cliking on submit button]]>
    </line>
    <line>
      <![CDATA[waiting for 1000milis]]>
    </line>
    <line>
      <![CDATA[waiting for 1000milis]]>
    </line>
    <line>
      <![CDATA[Handeling popup..]]>
    </line>
    <line>
      <![CDATA[getting user Name]]>
    </line>
    <line>
      <![CDATA[reading value of un from property file]]>
    </line>
    <line>
      <![CDATA[getting user Name]]>
    </line>
    <line>
      <![CDATA[taking screenshot ]]>
    </line>
    <line>
      <![CDATA[waiting for 1000milis]]>
    </line>
    <line>
      <![CDATA[waiting for 1000milis]]>
    </line>
    <line>
      <![CDATA[Loggoing out from neoStox]]>
    </line>
    <line>
      <![CDATA[closing the Browser]]>
    </line>
  </reporter-output>
  <suite started-at="2022-12-02T22:50:37 IST" name="Default suite" finished-at="2022-12-02T22:51:33 IST" duration-ms="55748">
    <groups>
    </groups>
    <test started-at="2022-12-02T22:50:37 IST" name="Default test" finished-at="2022-12-02T22:51:33 IST" duration-ms="55748">
      <class name="testpackage.TestNeostox">
        <test-method is-config="true" signature="LaunchNeostox()[pri:0, instance:testpackage.TestNeostox@74751b3]" started-at="2022-12-02T22:50:37 IST" name="LaunchNeostox" finished-at="2022-12-02T22:51:09 IST" duration-ms="31658" status="PASS">
          <reporter-output>
            <line>
              <![CDATA[Launching the Browser]]>
            </line>
          </reporter-output>
        </test-method> <!-- LaunchNeostox -->
        <test-method is-config="true" signature="LogintoNeostocks()[pri:0, instance:testpackage.TestNeostox@74751b3]" started-at="2022-12-02T22:51:09 IST" name="LogintoNeostocks" finished-at="2022-12-02T22:51:31 IST" duration-ms="22221" status="PASS">
          <reporter-output>
            <line>
              <![CDATA[reading value of mobile from property file]]>
            </line>
            <line>
              <![CDATA[Entering mobileno]]>
            </line>
            <line>
              <![CDATA[waiting for 1000milis]]>
            </line>
            <line>
              <![CDATA[clicking on the SignIn Button]]>
            </line>
            <line>
              <![CDATA[reading value of password from property file]]>
            </line>
            <line>
              <![CDATA[waiting for 1000milis]]>
            </line>
            <line>
              <![CDATA[sending password]]>
            </line>
            <line>
              <![CDATA[cliking on submit button]]>
            </line>
            <line>
              <![CDATA[waiting for 1000milis]]>
            </line>
            <line>
              <![CDATA[waiting for 1000milis]]>
            </line>
            <line>
              <![CDATA[Handeling popup..]]>
            </line>
          </reporter-output>
        </test-method> <!-- LogintoNeostocks -->
        <test-method signature="validateUserName()[pri:0, instance:testpackage.TestNeostox@74751b3]" started-at="2022-12-02T22:51:31 IST" name="validateUserName" finished-at="2022-12-02T22:51:32 IST" duration-ms="726" status="PASS">
          <reporter-output>
            <line>
              <![CDATA[getting user Name]]>
            </line>
            <line>
              <![CDATA[reading value of un from property file]]>
            </line>
            <line>
              <![CDATA[getting user Name]]>
            </line>
            <line>
              <![CDATA[taking screenshot ]]>
            </line>
          </reporter-output>
        </test-method> <!-- validateUserName -->
        <test-method is-config="true" signature="logout()[pri:0, instance:testpackage.TestNeostox@74751b3]" started-at="2022-12-02T22:51:32 IST" name="logout" finished-at="2022-12-02T22:51:32 IST" duration-ms="276" status="PASS">
          <reporter-output>
            <line>
              <![CDATA[waiting for 1000milis]]>
            </line>
            <line>
              <![CDATA[waiting for 1000milis]]>
            </line>
            <line>
              <![CDATA[Loggoing out from neoStox]]>
            </line>
          </reporter-output>
        </test-method> <!-- logout -->
        <test-method is-config="true" signature="closeApplication()[pri:0, instance:testpackage.TestNeostox@74751b3]" started-at="2022-12-02T22:51:32 IST" name="closeApplication" finished-at="2022-12-02T22:51:33 IST" duration-ms="708" status="PASS">
          <reporter-output>
            <line>
              <![CDATA[closing the Browser]]>
            </line>
          </reporter-output>
        </test-method> <!-- closeApplication -->
      </class> <!-- testpackage.TestNeostox -->
    </test> <!-- Default test -->
  </suite> <!-- Default suite -->
</testng-results>
